0 info it worked if it ends with ok
1 verbose cli [ '/home/ruud/.nvm/v0.10.23/bin/node',
1 verbose cli   '/home/ruud/.nvm/v0.10.23/bin/npm',
1 verbose cli   'run-script',
1 verbose cli   'update-schedule' ]
2 info using npm@1.3.17
3 info using node@v0.10.23
4 error Error: ENOENT, open '/home/ruud/dev/iterateconf/app/images/package.json'
5 error If you need help, you may report this *entire* log,
5 error including the npm and node versions, at:
5 error     <http://github.com/isaacs/npm/issues>
6 error System Linux 3.8.0-35-generic
7 error command "/home/ruud/.nvm/v0.10.23/bin/node" "/home/ruud/.nvm/v0.10.23/bin/npm" "run-script" "update-schedule"
8 error cwd /home/ruud/dev/iterateconf/app/images
9 error node -v v0.10.23
10 error npm -v 1.3.17
11 error path /home/ruud/dev/iterateconf/app/images/package.json
12 error code ENOENT
13 error errno 34
14 verbose exit [ 34, true ]
